<?xml version="1.0" encoding="UTF-8"?>
<!-- Generated by org.testng.reporters.JUnitReportReporter -->
<testsuite hostname="navdeeps-MacBook-Pro.local" failures="0" tests="17" name="Services.swimmingpool_tensile_structure" time="10.270" errors="0" timestamp="2024-05-14T12:55:49 IST" skipped="1">
  <testcase classname="Services.swimmingpool_tensile_structure" name="Access_SPTC" time="2.107"/>
  <testcase classname="Services.swimmingpool_tensile_structure" name="PreviousAndNext" time="4.117"/>
  <testcase classname="Services.swimmingpool_tensile_structure" name="DesignAndCreativity" time="0.041"/>
  <testcase classname="Services.swimmingpool_tensile_structure" name="EngineeringInnovation" time="0.037"/>
  <testcase classname="Services.swimmingpool_tensile_structure" name="FabricationQuality" time="0.035"/>
  <testcase classname="Services.swimmingpool_tensile_structure" name="ConstructionService" time="1.767"/>
  <testcase classname="Services.swimmingpool_tensile_structure" name="FlexibleDesignAsthetics" time="0.043"/>
  <testcase classname="Services.swimmingpool_tensile_structure" name="ExcellentDurability" time="0.038"/>
  <testcase classname="Services.swimmingpool_tensile_structure" name="PriviousButton" time="0.032"/>
  <testcase classname="Services.swimmingpool_tensile_structure" name="LowMaintenance" time="0.033"/>
  <testcase classname="Services.swimmingpool_tensile_structure" name="OutstandingTranslucency" time="0.034"/>
  <testcase classname="Services.swimmingpool_tensile_structure" name="NextButton" time="0.030"/>
  <testcase classname="Services.swimmingpool_tensile_structure" name="LightweightNature" time="0.039"/>
  <testcase classname="Services.swimmingpool_tensile_structure" name="NextButton2" time="0.007"/>
  <testcase classname="Services.swimmingpool_tensile_structure" name="CostBenefits" time="0.035"/>
  <testcase classname="Services.swimmingpool_tensile_structure" name="HomeIcon" time="1.875"/>
  <testcase classname="Services.swimmingpool_tensile_structure" name="RajTensileLogo">
    <skipped/>
  </testcase> <!-- RajTensileLogo -->
</testsuite> <!-- Services.swimmingpool_tensile_structure -->
