<?xml version="1.0" encoding="UTF-8"?>
<!-- Generated by org.testng.reporters.JUnitReportReporter -->
<testsuite hostname="navdeeps-MacBook-Pro.local" failures="0" tests="17" name="Services.auditorium_tensile_structure" time="10.975" errors="0" timestamp="2024-05-14T12:50:37 IST" skipped="1">
  <testcase classname="Services.auditorium_tensile_structure" name="Access_ATS" time="2.284"/>
  <testcase classname="Services.auditorium_tensile_structure" name="PreviousAndNext" time="4.112"/>
  <testcase classname="Services.auditorium_tensile_structure" name="DesignAndCreativity" time="0.044"/>
  <testcase classname="Services.auditorium_tensile_structure" name="EngineeringInnovation" time="0.041"/>
  <testcase classname="Services.auditorium_tensile_structure" name="FabricationQuality" time="0.037"/>
  <testcase classname="Services.auditorium_tensile_structure" name="ConstructionService" time="2.144"/>
  <testcase classname="Services.auditorium_tensile_structure" name="FlexibleDesignAsthetics" time="0.044"/>
  <testcase classname="Services.auditorium_tensile_structure" name="ExcellentDurability" time="0.038"/>
  <testcase classname="Services.auditorium_tensile_structure" name="PriviousButton" time="0.032"/>
  <testcase classname="Services.auditorium_tensile_structure" name="LowMaintenance" time="0.038"/>
  <testcase classname="Services.auditorium_tensile_structure" name="OutstandingTranslucency" time="0.033"/>
  <testcase classname="Services.auditorium_tensile_structure" name="NextButton" time="0.024"/>
  <testcase classname="Services.auditorium_tensile_structure" name="LightweightNature" time="0.038"/>
  <testcase classname="Services.auditorium_tensile_structure" name="NextButton2" time="0.010"/>
  <testcase classname="Services.auditorium_tensile_structure" name="CostBenefits" time="0.038"/>
  <testcase classname="Services.auditorium_tensile_structure" name="RajTensileLogo" time="2.018"/>
  <testcase classname="Services.auditorium_tensile_structure" name="HomeIcon">
    <skipped/>
  </testcase> <!-- HomeIcon -->
</testsuite> <!-- Services.auditorium_tensile_structure -->
