<?xml version="1.0" encoding="UTF-8"?>
<!-- Generated by org.testng.reporters.JUnitReportReporter -->
<testsuite hostname="DESKTOP-34CJV9O" failures="0" tests="16" name="Services.AuditoriumTensileStructure_Test" time="17.825" errors="0" timestamp="2024-05-12T18:26:16 IST" skipped="1">
  <testcase classname="Services.AuditoriumTensileStructure_Test" name="Access_ATS" time="11.178"/>
  <testcase classname="Services.AuditoriumTensileStructure_Test" name="DesignAndCreativity" time="0.155"/>
  <testcase classname="Services.AuditoriumTensileStructure_Test" name="EngineeringInnovation" time="0.173"/>
  <testcase classname="Services.AuditoriumTensileStructure_Test" name="FabricationQuality" time="0.145"/>
  <testcase classname="Services.AuditoriumTensileStructure_Test" name="ConstructionService" time="2.634"/>
  <testcase classname="Services.AuditoriumTensileStructure_Test" name="FlexibleDesignAsthetics" time="0.180"/>
  <testcase classname="Services.AuditoriumTensileStructure_Test" name="ExcellentDurability" time="0.170"/>
  <testcase classname="Services.AuditoriumTensileStructure_Test" name="PriviousButton" time="0.107"/>
  <testcase classname="Services.AuditoriumTensileStructure_Test" name="LowMaintenance" time="0.142"/>
  <testcase classname="Services.AuditoriumTensileStructure_Test" name="OutstandingTranslucency" time="0.198"/>
  <testcase classname="Services.AuditoriumTensileStructure_Test" name="NextButton" time="0.043"/>
  <testcase classname="Services.AuditoriumTensileStructure_Test" name="LightweightNature" time="0.139"/>
  <testcase classname="Services.AuditoriumTensileStructure_Test" name="NextButton2" time="0.022"/>
  <testcase classname="Services.AuditoriumTensileStructure_Test" name="CostBenefits" time="0.116"/>
  <testcase classname="Services.AuditoriumTensileStructure_Test" name="RajTensileLogo" time="2.423"/>
  <testcase classname="Services.AuditoriumTensileStructure_Test" name="HomeIcon">
    <skipped/>
  </testcase> <!-- HomeIcon -->
</testsuite> <!-- Services.AuditoriumTensileStructure_Test -->
