<?xml version="1.0" encoding="UTF-8"?>
<!-- Generated by org.testng.reporters.JUnitReportReporter -->
<testsuite hostname="navdeeps-MacBook-Pro.local" failures="0" tests="17" name="Services.stadium_tensile_structure" time="11.256" errors="0" timestamp="2024-05-14T13:00:12 IST" skipped="1">
  <testcase classname="Services.stadium_tensile_structure" name="Access_STS" time="2.597"/>
  <testcase classname="Services.stadium_tensile_structure" name="PreviousAndNext" time="4.104"/>
  <testcase classname="Services.stadium_tensile_structure" name="DesignAndCreativity" time="0.056"/>
  <testcase classname="Services.stadium_tensile_structure" name="EngineeringInnovation" time="0.039"/>
  <testcase classname="Services.stadium_tensile_structure" name="FabricationQuality" time="0.035"/>
  <testcase classname="Services.stadium_tensile_structure" name="ConstructionService" time="1.995"/>
  <testcase classname="Services.stadium_tensile_structure" name="FlexibleDesignAsthetics" time="0.042"/>
  <testcase classname="Services.stadium_tensile_structure" name="ExcellentDurability" time="0.040"/>
  <testcase classname="Services.stadium_tensile_structure" name="PriviousButton" time="0.034"/>
  <testcase classname="Services.stadium_tensile_structure" name="LowMaintenance" time="0.031"/>
  <testcase classname="Services.stadium_tensile_structure" name="OutstandingTranslucency" time="0.035"/>
  <testcase classname="Services.stadium_tensile_structure" name="NextButton" time="0.028"/>
  <testcase classname="Services.stadium_tensile_structure" name="LightweightNature" time="0.039"/>
  <testcase classname="Services.stadium_tensile_structure" name="NextButton2" time="0.009"/>
  <testcase classname="Services.stadium_tensile_structure" name="CostBenefits" time="0.030"/>
  <testcase classname="Services.stadium_tensile_structure" name="HomeIcon" time="2.142"/>
  <testcase classname="Services.stadium_tensile_structure" name="RajTensileLogo">
    <skipped/>
  </testcase> <!-- RajTensileLogo -->
</testsuite> <!-- Services.stadium_tensile_structure -->
