<?xml version="1.0" encoding="UTF-8"?>
<!-- Generated by org.testng.reporters.JUnitReportReporter -->
<testsuite ignored="0" hostname="shash" failures="0" tests="4" name="selenium.GetintouchTest" time="17.820" errors="0" timestamp="03 May 2024 06:00:24 GMT" skipped="0">
  <testcase classname="selenium.GetintouchTest" name="email" time="4.297"/>
  <testcase classname="selenium.GetintouchTest" name="Office" time="4.474"/>
  <testcase classname="selenium.GetintouchTest" name="Letstalk" time="4.275"/>
  <testcase classname="selenium.GetintouchTest" name="Click" time="4.774"/>
</testsuite> <!-- selenium.GetintouchTest -->
