<?xml version="1.0" encoding="UTF-8"?>
<!-- Generated by org.testng.reporters.JUnitReportReporter -->
<testsuite ignored="0" hostname="LAPTOP-K64D2VSP" failures="0" tests="6" name="rajtensileconstruction.rajtensileconstruction.aboutusTest" time="18.743" errors="0" timestamp="23 Jun 2024 07:05:01 GMT" skipped="0">
  <testcase classname="rajtensileconstruction.rajtensileconstruction.aboutusTest" name="profstnd" time="0.176"/>
  <testcase classname="rajtensileconstruction.rajtensileconstruction.aboutusTest" name="yearexp" time="0.194"/>
  <testcase classname="rajtensileconstruction.rajtensileconstruction.aboutusTest" name="bstmatrl" time="0.193"/>
  <testcase classname="rajtensileconstruction.rajtensileconstruction.aboutusTest" name="conctus" time="1.956"/>
  <testcase classname="rajtensileconstruction.rajtensileconstruction.aboutusTest" name="aboutus" time="16.018"/>
  <testcase classname="rajtensileconstruction.rajtensileconstruction.aboutusTest" name="companyprof" time="0.206"/>
</testsuite> <!-- rajtensileconstruction.rajtensileconstruction.aboutusTest -->
