<?xml version="1.0" encoding="UTF-8"?>
<!-- Generated by org.testng.reporters.JUnitReportReporter -->
<testsuite hostname="navdeeps-MacBook-Pro.local" failures="0" tests="16" name="Services.car_parking_tensile_structure" time="33.935" errors="0" timestamp="2024-05-14T12:14:40 IST" skipped="0">
  <testcase classname="Services.car_parking_tensile_structure" name="Access_CPTS" time="4.262"/>
  <testcase classname="Services.car_parking_tensile_structure" name="PreviousandNext" time="4.105"/>
  <testcase classname="Services.car_parking_tensile_structure" name="DesignandCreativity" time="2.085"/>
  <testcase classname="Services.car_parking_tensile_structure" name="Engineering_Innovation" time="2.055"/>
  <testcase classname="Services.car_parking_tensile_structure" name="Fabrication_Quality" time="2.040"/>
  <testcase classname="Services.car_parking_tensile_structure" name="Construction_Service" time="4.367"/>
  <testcase classname="Services.car_parking_tensile_structure" name="Flexible_Design_Asthetics" time="1.049"/>
  <testcase classname="Services.car_parking_tensile_structure" name="Excellent_Durability" time="1.056"/>
  <testcase classname="Services.car_parking_tensile_structure" name="Previous_Button" time="1.056"/>
  <testcase classname="Services.car_parking_tensile_structure" name="Low_Maintenance" time="1.044"/>
  <testcase classname="Services.car_parking_tensile_structure" name="Outstanding_Translucency" time="2.047"/>
  <testcase classname="Services.car_parking_tensile_structure" name="Next_Button" time="1.043"/>
  <testcase classname="Services.car_parking_tensile_structure" name="Lightweight_Nature" time="2.052"/>
  <testcase classname="Services.car_parking_tensile_structure" name="Next_Button2" time="1.020"/>
  <testcase classname="Services.car_parking_tensile_structure" name="Cost_Benefits" time="1.045"/>
  <testcase classname="Services.car_parking_tensile_structure" name="Home_Icon" time="3.609"/>
</testsuite> <!-- Services.car_parking_tensile_structure -->
