<?xml version="1.0" encoding="UTF-8"?>
<!-- Generated by org.testng.reporters.JUnitReportReporter -->
<testsuite hostname="navdeeps-MacBook-Pro.local" failures="0" tests="17" name="Services.gazebo_tensile_structure" time="10.632" errors="0" timestamp="2024-05-14T17:24:57 IST" skipped="1">
  <testcase classname="Services.gazebo_tensile_structure" name="Access_GTS" time="2.198"/>
  <testcase classname="Services.gazebo_tensile_structure" name="previousandnext" time="4.110"/>
  <testcase classname="Services.gazebo_tensile_structure" name="designandcreativity" time="0.045"/>
  <testcase classname="Services.gazebo_tensile_structure" name="Engineering_Innovation" time="0.035"/>
  <testcase classname="Services.gazebo_tensile_structure" name="Fabrication_Quality" time="0.036"/>
  <testcase classname="Services.gazebo_tensile_structure" name="Construction_Service" time="1.876"/>
  <testcase classname="Services.gazebo_tensile_structure" name="FlexibleDesign_Asthetics" time="0.041"/>
  <testcase classname="Services.gazebo_tensile_structure" name="Excellent_Durability" time="0.042"/>
  <testcase classname="Services.gazebo_tensile_structure" name="Previous_Button" time="0.034"/>
  <testcase classname="Services.gazebo_tensile_structure" name="Low_Maintenance" time="0.037"/>
  <testcase classname="Services.gazebo_tensile_structure" name="Outstanding_Translucency" time="0.036"/>
  <testcase classname="Services.gazebo_tensile_structure" name="Next_Button" time="0.025"/>
  <testcase classname="Services.gazebo_tensile_structure" name="Lightweight_Nature" time="0.036"/>
  <testcase classname="Services.gazebo_tensile_structure" name="Next_Button2" time="0.009"/>
  <testcase classname="Services.gazebo_tensile_structure" name="Cost_Benefits" time="0.040"/>
  <testcase classname="Services.gazebo_tensile_structure" name="Home_Icon" time="2.032"/>
  <testcase classname="Services.gazebo_tensile_structure" name="RajTensile_Logo">
    <skipped/>
  </testcase> <!-- RajTensile_Logo -->
</testsuite> <!-- Services.gazebo_tensile_structure -->
