<?xml version="1.0" encoding="UTF-8"?>
<!-- Generated by org.testng.reporters.JUnitReportReporter -->
<testsuite hostname="Vinita" failures="0" tests="1" name="Aboutus.aboutus" time="5.994" errors="0" timestamp="2024-05-13T17:32:01 IST" skipped="0">
  <testcase classname="Aboutus.aboutus" name="about" time="5.994"/>
</testsuite> <!-- Aboutus.aboutus -->
