<?xml version="1.0" encoding="UTF-8"?>
<!-- Generated by org.testng.reporters.JUnitReportReporter -->
<testsuite hostname="DESKTOP-34CJV9O" failures="0" tests="1" name="AboutUs.AboutUs_Test" time="3.942" errors="0" timestamp="2024-05-14T13:10:59 IST" skipped="0">
  <testcase classname="AboutUs.AboutUs_Test" name="Access_ContactUs" time="3.942"/>
</testsuite> <!-- AboutUs.AboutUs_Test -->
