<?xml version="1.0" encoding="UTF-8"?>
<!-- Generated by org.testng.reporters.JUnitReportReporter -->
<testsuite ignored="28" hostname="manish" failures="0" tests="1" name="Homepage.HomepageTest" time="31.413" errors="0" timestamp="09 May 2024 06:33:50 GMT" skipped="0">
  <testcase classname="Homepage.HomepageTest" name="leftArrow" time="31.413"/>
  <testcase classname="Homepage.HomepageTest" name="faceBookvisibility">
    <skipped/>
  </testcase> <!-- faceBookvisibility -->
  <testcase classname="Homepage.HomepageTest" name="ProjectClickable">
    <skipped/>
  </testcase> <!-- ProjectClickable -->
  <testcase classname="Homepage.HomepageTest" name="Enablehome">
    <skipped/>
  </testcase> <!-- Enablehome -->
  <testcase classname="Homepage.HomepageTest" name="EnableGetinContact">
    <skipped/>
  </testcase> <!-- EnableGetinContact -->
  <testcase classname="Homepage.HomepageTest" name="clicablehome">
    <skipped/>
  </testcase> <!-- clicablehome -->
  <testcase classname="Homepage.HomepageTest" name="linkedInclickable">
    <skipped/>
  </testcase> <!-- linkedInclickable -->
  <testcase classname="Homepage.HomepageTest" name="facebookclickable">
    <skipped/>
  </testcase> <!-- facebookclickable -->
  <testcase classname="Homepage.HomepageTest" name="Enableservices">
    <skipped/>
  </testcase> <!-- Enableservices -->
  <testcase classname="Homepage.HomepageTest" name="clickablgetincontact">
    <skipped/>
  </testcase> <!-- clickablgetincontact -->
  <testcase classname="Homepage.HomepageTest" name="EnableabousUs">
    <skipped/>
  </testcase> <!-- EnableabousUs -->
  <testcase classname="Homepage.HomepageTest" name="projectenable">
    <skipped/>
  </testcase> <!-- projectenable -->
  <testcase classname="Homepage.HomepageTest" name="visibleGetinCONTACT">
    <skipped/>
  </testcase> <!-- visibleGetinCONTACT -->
  <testcase classname="Homepage.HomepageTest" name="visibleaboutUs">
    <skipped/>
  </testcase> <!-- visibleaboutUs -->
  <testcase classname="Homepage.HomepageTest" name="instavisibility">
    <skipped/>
  </testcase> <!-- instavisibility -->
  <testcase classname="Homepage.HomepageTest" name="clickableaboutus">
    <skipped/>
  </testcase> <!-- clickableaboutus -->
  <testcase classname="Homepage.HomepageTest" name="rightArrow">
    <skipped/>
  </testcase> <!-- rightArrow -->
  <testcase classname="Homepage.HomepageTest" name="visibilityecu">
    <skipped/>
  </testcase> <!-- visibilityecu -->
  <testcase classname="Homepage.HomepageTest" name="faceBookenability">
    <skipped/>
  </testcase> <!-- faceBookenability -->
  <testcase classname="Homepage.HomepageTest" name="visibilityservices">
    <skipped/>
  </testcase> <!-- visibilityservices -->
  <testcase classname="Homepage.HomepageTest" name="clickableContactUs">
    <skipped/>
  </testcase> <!-- clickableContactUs -->
  <testcase classname="Homepage.HomepageTest" name="projectvisible">
    <skipped/>
  </testcase> <!-- projectvisible -->
  <testcase classname="Homepage.HomepageTest" name="Enableecu">
    <skipped/>
  </testcase> <!-- Enableecu -->
  <testcase classname="Homepage.HomepageTest" name="instaenability">
    <skipped/>
  </testcase> <!-- instaenability -->
  <testcase classname="Homepage.HomepageTest" name="linkedInvisibility">
    <skipped/>
  </testcase> <!-- linkedInvisibility -->
  <testcase classname="Homepage.HomepageTest" name="linkedInenability">
    <skipped/>
  </testcase> <!-- linkedInenability -->
  <testcase classname="Homepage.HomepageTest" name="instaclickable">
    <skipped/>
  </testcase> <!-- instaclickable -->
  <testcase classname="Homepage.HomepageTest" name="visibilityhome">
    <skipped/>
  </testcase> <!-- visibilityhome -->
  <testcase classname="Homepage.HomepageTest" name="clickableservices">
    <skipped/>
  </testcase> <!-- clickableservices -->
</testsuite> <!-- Homepage.HomepageTest -->
