<?xml version="1.0" encoding="UTF-8"?>
<!-- Generated by org.testng.reporters.JUnitReportReporter -->
<testsuite hostname="DESKTOP-34CJV9O" failures="0" tests="1" name="ContactUs.ContactUs_Test" time="4.456" errors="0" timestamp="2024-05-14T13:06:55 IST" skipped="0">
  <testcase classname="ContactUs.ContactUs_Test" name="Access_Home" time="4.456"/>
</testsuite> <!-- ContactUs.ContactUs_Test -->
