<?xml version="1.0" encoding="UTF-8"?>
<!-- Generated by org.testng.reporters.JUnitReportReporter -->
<testsuite hostname="navdeeps-MacBook-Pro.local" failures="0" tests="17" name="Services.walkway_tensile_structure" time="13.015" errors="0" timestamp="2024-05-14T12:47:57 IST" skipped="1">
  <testcase classname="Services.walkway_tensile_structure" name="Access_WTS" time="2.528"/>
  <testcase classname="Services.walkway_tensile_structure" name="PreviousandNext" time="4.118"/>
  <testcase classname="Services.walkway_tensile_structure" name="DesignAndCreativity" time="0.053"/>
  <testcase classname="Services.walkway_tensile_structure" name="EngineeringInnovation" time="0.037"/>
  <testcase classname="Services.walkway_tensile_structure" name="FabricationQuality" time="0.038"/>
  <testcase classname="Services.walkway_tensile_structure" name="ConstructionService" time="2.003"/>
  <testcase classname="Services.walkway_tensile_structure" name="FlexibleDesignAsthetics" time="0.040"/>
  <testcase classname="Services.walkway_tensile_structure" name="ExcellentDurability" time="0.038"/>
  <testcase classname="Services.walkway_tensile_structure" name="PriviousButton" time="0.031"/>
  <testcase classname="Services.walkway_tensile_structure" name="LowMaintenance" time="0.040"/>
  <testcase classname="Services.walkway_tensile_structure" name="OutstandingTranslucency" time="0.040"/>
  <testcase classname="Services.walkway_tensile_structure" name="NextButton" time="0.025"/>
  <testcase classname="Services.walkway_tensile_structure" name="LightweightNature" time="0.040"/>
  <testcase classname="Services.walkway_tensile_structure" name="NextButton2" time="0.007"/>
  <testcase classname="Services.walkway_tensile_structure" name="CostBenefits" time="2.070"/>
  <testcase classname="Services.walkway_tensile_structure" name="RajTensileLogo" time="1.907"/>
  <testcase classname="Services.walkway_tensile_structure" name="HomeIcon">
    <skipped/>
  </testcase> <!-- HomeIcon -->
</testsuite> <!-- Services.walkway_tensile_structure -->
